<?xml version="1.0" encoding="UTF-8"?>
<!-- Generated by org.testng.reporters.JUnitReportReporter -->
<testsuite skipped="0" hostname="saidul" name="com.Saidul.testRunner.TestRunner1" tests="1" failures="0" timestamp="08 Dec 2017 03:41:20 GMT" time="54.561" errors="0">
  <testcase name="feature" time="54.561" classname="com.Saidul.testRunner.TestRunner1"/>
</testsuite> <!-- com.Saidul.testRunner.TestRunner1 -->
